<?xml version="1.0" encoding="UTF-8" ?>
<testsuite tests="14" failures="0" name="testRunner.TestRunner" time="113.81" errors="0" skipped="0">
  <properties>
[...]
</properties>
  <testcase classname="Login with valid credentials" name="User opens URL &quot;https://admin-demo.nopcommerce.com/&quot;" time="17.92"/>
  <testcase classname="Login with valid credentials" name="User enters Email as &quot;admin@yourstore.com&quot; and Password as &quot;admin&quot;" time="0.203"/>
  <testcase classname="Login with valid credentials" name="Clicks on LOG IN" time="39.968"/>
  <testcase classname="Login with valid credentials" name="Page title should be &quot;Dashboard / nopCommerce administration&quot;" time="0.009"/>
  <testcase classname="Login with valid credentials" name="user clicks on Logout" time="1.659"/>
  <testcase classname="Login with valid credentials" name="Page title should be &quot;Your store. Login&quot;" time="0.005"/>
  <testcase classname="Login with valid credentials" name="Login with valid credentials" time="3.804"/>
  <testcase classname="Login with valid credentials datadriven" name="User opens URL &quot;https://admin-demo.nopcommerce.com/&quot;" time="8.918"/>
  <testcase classname="Login with valid credentials datadriven" name="User enters Email as &quot;admin@yourstore.com&quot; and Password as &quot;admin&quot;" time="0.252"/>
  <testcase classname="Login with valid credentials datadriven" name="Clicks on LOG IN" time="35.667"/>
  <testcase classname="Login with valid credentials datadriven" name="Page title should be &quot;Dashboard / nopCommerce administration&quot;" time="0.007"/>
  <testcase classname="Login with valid credentials datadriven" name="user clicks on Logout" time="1.646"/>
  <testcase classname="Login with valid credentials datadriven" name="Page title should be &quot;Your store. Login&quot;" time="0.007"/>
  <testcase classname="Login with valid credentials datadriven" name="Login with valid credentials datadriven" time="3.745"/>
</testsuite>